
Showing logs for build [32mcb-kubecd-bdd-gh-1568736580-pr-1[0m stage [32mmeta-pipeline[0m and container [32mstep-credential-initializer-b6mfv[0m
{"level":"warn","ts":1568736875.1133232,"logger":"fallback-logger","caller":"logging/config.go:69","msg":"Fetch GitHub commit ID from kodata failed: \"ref: refs/heads/master\" is not a valid GitHub commit ID"}
{"level":"info","ts":1568736875.1139398,"logger":"fallback-logger","caller":"creds-init/main.go:40","msg":"Credentials initialized."}

Showing logs for build [32mcb-kubecd-bdd-gh-1568736580-pr-1[0m stage [32mmeta-pipeline[0m and container [32mstep-working-dir-initializer-m2gbn[0m
{"level":"warn","ts":1568736876.0667748,"logger":"fallback-logger","caller":"logging/config.go:69","msg":"Fetch GitHub commit ID from kodata failed: open /var/run/ko/HEAD: no such file or directory"}
{"level":"info","ts":1568736876.0693781,"logger":"fallback-logger","caller":"bash/main.go:65","msg":"Successfully executed command \"mkdir -p /workspace/source\""}

Showing logs for build [32mcb-kubecd-bdd-gh-1568736580-pr-1[0m stage [32mmeta-pipeline[0m and container [32mstep-place-tools[0m

Showing logs for build [32mcb-kubecd-bdd-gh-1568736580-pr-1[0m stage [32mmeta-pipeline[0m and container [32mstep-git-source-meta-cb-kubecd-bdd-gh-156873658-pmfm7[0m
{"level":"warn","ts":1568736882.1680522,"logger":"fallback-logger","caller":"logging/config.go:69","msg":"Fetch GitHub commit ID from kodata failed: \"ref: refs/heads/master\" is not a valid GitHub commit ID"}
{"level":"info","ts":1568736883.2343721,"logger":"fallback-logger","caller":"git/git.go:102","msg":"Successfully cloned https://github.com/cb-kubecd/bdd-gh-1568736580.git @ 96fcb3ae0f75c44ad090b1b23545fd4317188bee in path /workspace/source"}

Showing logs for build [32mcb-kubecd-bdd-gh-1568736580-pr-1[0m stage [32mmeta-pipeline[0m and container [32mstep-git-merge[0m
Using SHAs from PULL_REFS=master:96fcb3ae0f75c44ad090b1b23545fd4317188bee,1:53e59d0c14ebfd2f151443ac6cef343ae323669b
DEBUG: ran git fetch --unshallow origin 53e59d0c14ebfd2f151443ac6cef343ae323669b: 96fcb3ae0f75c44ad090b1b23545fd4317188bee: in 
DEBUG: ran git checkout master in 
DEBUG: ran git reset --hard 96fcb3ae0f75c44ad090b1b23545fd4317188bee in 
DEBUG: ran clean --force -d . in 
DEBUG: ran git merge 53e59d0c14ebfd2f151443ac6cef343ae323669b in 
Merged SHA 53e59d0c14ebfd2f151443ac6cef343ae323669b with commit message 'My first PR commit' into base branch master

Showing logs for build [32mcb-kubecd-bdd-gh-1568736580-pr-1[0m stage [32mmeta-pipeline[0m and container [32mstep-merge-pull-refs[0m
DEBUG: ran git fetch origin 53e59d0c14ebfd2f151443ac6cef343ae323669b: 96fcb3ae0f75c44ad090b1b23545fd4317188bee: in 
DEBUG: Unshallowed git repo in 
DEBUG: ran git checkout master in 
DEBUG: ran git reset --hard 96fcb3ae0f75c44ad090b1b23545fd4317188bee in 
DEBUG: ran clean --force -d . in 
DEBUG: ran git merge 53e59d0c14ebfd2f151443ac6cef343ae323669b in 
Merged SHA 53e59d0c14ebfd2f151443ac6cef343ae323669b with commit message 'My first PR commit' into base branch master

Showing logs for build [32mcb-kubecd-bdd-gh-1568736580-pr-1[0m stage [32mmeta-pipeline[0m and container [32mstep-create-effective-pipeline[0m
Deleting and cloning the Jenkins X versions repo
Cloning the Jenkins X versions repo https://github.com/jenkins-x/jenkins-x-versions.git with ref refs/heads/master to /builder/home/.**/jenkins-x-versions
Effective pipeline written to jenkins-x-serverless-jenkins-effective.yml

Showing logs for build [32mcb-kubecd-bdd-gh-1568736580-pr-1[0m stage [32mmeta-pipeline[0m and container [32mstep-create-tekton-crds[0m
PipelineActivity for cb-kubecd-bdd-gh-1568736580-PR-1-1
Applying changes 
upserted PipelineResource cb-kubecd-bdd-gh-1568736580-pr for the git repository https://github.com/cb-kubecd/bdd-gh-1568736580.git
upserted Task cb-kubecd-bdd-gh-1568736580-pr-from-build-pack-1
upserted Pipeline cb-kubecd-bdd-gh-1568736580-pr-1
created PipelineRun cb-kubecd-bdd-gh-1568736580-pr-1
created PipelineStructure cb-kubecd-bdd-gh-1568736580-pr-1

Showing logs for build [32mcb-kubecd-bdd-gh-1568736580-pr-1[0m stage [32mfrom-build-pack[0m and container [32mstep-credential-initializer-2fc7v[0m
{"level":"warn","ts":1568736895.961753,"logger":"fallback-logger","caller":"logging/config.go:69","msg":"Fetch GitHub commit ID from kodata failed: \"ref: refs/heads/master\" is not a valid GitHub commit ID"}
{"level":"info","ts":1568736895.96283,"logger":"fallback-logger","caller":"creds-init/main.go:40","msg":"Credentials initialized."}

Showing logs for build [32mcb-kubecd-bdd-gh-1568736580-pr-1[0m stage [32mfrom-build-pack[0m and container [32mstep-working-dir-initializer-cfzrw[0m
{"level":"warn","ts":1568736896.9138007,"logger":"fallback-logger","caller":"logging/config.go:69","msg":"Fetch GitHub commit ID from kodata failed: open /var/run/ko/HEAD: no such file or directory"}
{"level":"info","ts":1568736896.915214,"logger":"fallback-logger","caller":"bash/main.go:65","msg":"Successfully executed command \"mkdir -p /workspace/source /workspace/source/charts/preview\""}

Showing logs for build [32mcb-kubecd-bdd-gh-1568736580-pr-1[0m stage [32mfrom-build-pack[0m and container [32mstep-place-tools[0m

Showing logs for build [32mcb-kubecd-bdd-gh-1568736580-pr-1[0m stage [32mfrom-build-pack[0m and container [32mstep-git-source-cb-kubecd-bdd-gh-1568736580-pr-pcnsb[0m
{"level":"warn","ts":1568736903.013518,"logger":"fallback-logger","caller":"logging/config.go:69","msg":"Fetch GitHub commit ID from kodata failed: \"ref: refs/heads/master\" is not a valid GitHub commit ID"}
{"level":"info","ts":1568736904.1833835,"logger":"fallback-logger","caller":"git/git.go:102","msg":"Successfully cloned https://github.com/cb-kubecd/bdd-gh-1568736580.git @ master in path /workspace/source"}

Showing logs for build [32mcb-kubecd-bdd-gh-1568736580-pr-1[0m stage [32mfrom-build-pack[0m and container [32mstep-git-merge[0m
Using SHAs from PULL_REFS=master:96fcb3ae0f75c44ad090b1b23545fd4317188bee,1:53e59d0c14ebfd2f151443ac6cef343ae323669b
DEBUG: ran git fetch --unshallow origin 53e59d0c14ebfd2f151443ac6cef343ae323669b: 96fcb3ae0f75c44ad090b1b23545fd4317188bee: in 
DEBUG: ran git checkout master in 
DEBUG: ran git reset --hard 96fcb3ae0f75c44ad090b1b23545fd4317188bee in 
DEBUG: ran clean --force -d . in 
DEBUG: ran git merge 53e59d0c14ebfd2f151443ac6cef343ae323669b in 
Merged SHA 53e59d0c14ebfd2f151443ac6cef343ae323669b with commit message 'My first PR commit' into base branch master

Showing logs for build [32mcb-kubecd-bdd-gh-1568736580-pr-1[0m stage [32mfrom-build-pack[0m and container [32mstep-build-make-linux[0m
CGO_ENABLED=0 GOOS=linux GOARCH=amd64 GO15VENDOREXPERIMENT=1 go build -ldflags '' -o bin/bdd-gh-1568736580 main.go

Showing logs for build [32mcb-kubecd-bdd-gh-1568736580-pr-1[0m stage [32mfrom-build-pack[0m and container [32mstep-build-container-build[0m
[36mINFO[0m[0000] No base image, nothing to extract            
[36mINFO[0m[0000] cmd: EXPOSE                                  
[36mINFO[0m[0000] Adding exposed port: 8080/tcp                
[36mINFO[0m[0000] Using files from context: [/workspace/source/bin] 
[36mINFO[0m[0000] Skipping unpacking as no commands require it. 
[36mINFO[0m[0000] Taking snapshot of full filesystem...        
[36mINFO[0m[0000] EXPOSE 8080                                  
[36mINFO[0m[0000] cmd: EXPOSE                                  
[36mINFO[0m[0000] Adding exposed port: 8080/tcp                
[36mINFO[0m[0000] No files changed in this command, skipping snapshotting. 
[36mINFO[0m[0000] ENTRYPOINT ["/bdd-gh-1568736580"]            
[36mINFO[0m[0000] No files changed in this command, skipping snapshotting. 
[36mINFO[0m[0000] Using files from context: [/workspace/source/bin] 
[36mINFO[0m[0000] COPY ./bin/ /                                
[36mINFO[0m[0000] Taking snapshot of files...                  
2019/09/17 16:15:36 pushed blob: sha256:03e76020527911ff3d704f2b98ae86029fb25b9d7c939d43d854775c3c6d8189
2019/09/17 16:15:38 pushed blob: sha256:edfde8d16752508d291d7b99d37e9b491e04f7ff3849975d241af540ee8e6803
2019/09/17 16:15:40 gcr.io/jenkins-x-bdd3/bdd-gh-1568736580:0.0.0-SNAPSHOT-PR-1-1: digest: sha256:50c44a4bbb84477e08d6eca054554dcc121ce77ef95c74dd2cf65ad30543b385 size: 428

Showing logs for build [32mcb-kubecd-bdd-gh-1568736580-pr-1[0m stage [32mfrom-build-pack[0m and container [32mstep-postbuild-post-build[0m
no CVE provider running in the current ** namespace so skip adding image to be analysed

Showing logs for build [32mcb-kubecd-bdd-gh-1568736580-pr-1[0m stage [32mfrom-build-pack[0m and container [32mstep-promote-make-preview[0m
sed -i -e "s/version:.*/version: 0.0.0-SNAPSHOT-PR-1-1/" Chart.yaml
sed -i -e "s/version:.*/version: 0.0.0-SNAPSHOT-PR-1-1/" ../*/Chart.yaml
sed -i -e "s|repository:.*|repository: gcr.io\/jenkins-x-bdd3\/bdd-gh-1568736580|" values.yaml
sed -i -e "s/tag:.*/tag: 0.0.0-SNAPSHOT-PR-1-1/" values.yaml
echo "  version: 0.0.0-SNAPSHOT-PR-1-1" >> requirements.yaml
** step helm build
WARNING: No $CHART_REPOSITORY defined so using the default value of: http://jenkins-x-chartmuseum:8080
Adding missing Helm repo: storage.googleapis.com https://storage.googleapis.com/chartmuseum.jenkins-x.io
Successfully added Helm repository storage.googleapis.com.
Adding missing Helm repo: jenkins-x-chartmuseum http://jenkins-x-chartmuseum:8080
Successfully added Helm repository jenkins-x-chartmuseum.
WARNING: No $CHART_REPOSITORY defined so using the default value of: http://jenkins-x-chartmuseum:8080
Adding missing Helm repo: chartmuseum.jenkins-x.io http://chartmuseum.jenkins-x.io
Successfully added Helm repository chartmuseum.jenkins-x.io.

Showing logs for build [32mcb-kubecd-bdd-gh-1568736580-pr-1[0m stage [32mfrom-build-pack[0m and container [32mstep-promote-jx-preview[0m
Creating a preview
WARNING: No author for commit: 53e59d0c14ebfd2f151443ac6cef343ae323669b
Created environment cb-kubecd-bdd-gh-1568736580-pr-1
Namespace **-cb-kubecd-bdd-gh-1568736580-pr-1 created 
expose:
  Annotations:
    helm.sh/hook: post-install,post-upgrade
    helm.sh/hook-delete-policy: hook-succeeded
  config:
    domain: 35.195.148.239.nip.io
    exposer: Ingress
    http: "true"
preview:
  image:
    repository: gcr.io/jenkins-x-bdd3/bdd-gh-1568736580
    tag: 0.0.0-SNAPSHOT-PR-1-1
Deleting and cloning the Jenkins X versions repo
Cloning the Jenkins X versions repo https://github.com/jenkins-x/jenkins-x-versions.git with ref refs/heads/master to /builder/home/.**/jenkins-x-versions


Updating PipelineActivities cb-kubecd-bdd-gh-1568736580-pr-1-1 which has status Running
WARNING: preview application http://bdd-gh-1568736580.**-cb-kubecd-bdd-gh-1568736580-pr-1.35.195.148.239.nip.io not available, error was 503 503 Service Temporarily Unavailable, delaying for: 1.252573036s
WARNING: preview application http://bdd-gh-1568736580.**-cb-kubecd-bdd-gh-1568736580-pr-1.35.195.148.239.nip.io not available, error was 503 503 Service Temporarily Unavailable, delaying for: 1.795078749s
WARNING: preview application http://bdd-gh-1568736580.**-cb-kubecd-bdd-gh-1568736580-pr-1.35.195.148.239.nip.io not available, error was 503 503 Service Temporarily Unavailable, delaying for: 1.481238625s
Preview application is now available at: http://bdd-gh-1568736580.**-cb-kubecd-bdd-gh-1568736580-pr-1.35.195.148.239.nip.io
